[2024-11-25 11:54:23][Command][haddock_push] Starting...
[2024-11-25 11:54:23][Command][haddock_push] Your branch is up to date with 'origin/main'.
[2024-11-25 11:54:23][Command][haddock_push] Deleted branch gh-pages (was c982a27).
[2024-11-25 11:54:23][Command][haddock_push] Already on 'main'
[2024-11-25 11:54:23][Command][haddock_push] Switched to a new branch 'gh-pages'
[2024-11-25 11:54:24][Command][haddock_push] Build profile: -w ghc-9.8.2 -O1
[2024-11-25 11:54:24][Command][haddock_push] In order, the following will be built (use -v for more details):
[2024-11-25 11:54:24][Command][haddock_push]  - concurrent-effectful-0.1 (lib) (ephemeral targets)
[2024-11-25 11:54:24][Command][haddock_push]  - env-guard-effectful-0.1 (lib) (first run)
[2024-11-25 11:54:24][Command][haddock_push]  - environment-effectful-0.1 (lib) (first run)
[2024-11-25 11:54:24][Command][haddock_push]  - fs-effectful-0.1 (lib) (ephemeral targets)
[2024-11-25 11:54:24][Command][haddock_push]  - ioref-effectful-0.1 (lib) (first run)
[2024-11-25 11:54:24][Command][haddock_push]  - logger-effectful-0.1 (lib) (ephemeral targets)
[2024-11-25 11:54:24][Command][haddock_push]  - stm-effectful-0.1 (lib) (first run)
[2024-11-25 11:54:24][Command][haddock_push]  - terminal-effectful-0.1 (lib) (first run)
[2024-11-25 11:54:24][Command][haddock_push]  - time-effectful-0.1 (lib) (ephemeral targets)
[2024-11-25 11:54:24][Command][haddock_push]  - typed-process-dynamic-effectful-0.1 (lib) (file src/Effectful/Process/Typed/Dynamic.hs changed)
[2024-11-25 11:54:24][Command][haddock_push]  - unix-compat-effectful-0.1 (lib) (first run)
[2024-11-25 11:54:24][Command][haddock_push]  - unix-effectful-0.1 (lib) (first run)
[2024-11-25 11:54:24][Command][haddock_push]  - optparse-effectful-0.1 (lib) (dependency rebuilt)
[2024-11-25 11:54:24][Command][haddock_push]  - logger-ns-effectful-0.1 (lib) (dependency rebuilt)
[2024-11-25 11:54:24][Command][haddock_push] Preprocessing library for concurrent-effectful-0.1..
[2024-11-25 11:54:24][Command][haddock_push] Building library for concurrent-effectful-0.1..
[2024-11-25 11:54:24][Command][haddock_push] Preprocessing library for fs-effectful-0.1..
[2024-11-25 11:54:24][Command][haddock_push] Building library for fs-effectful-0.1..
[2024-11-25 11:54:24][Command][haddock_push] Preprocessing library for logger-effectful-0.1..
[2024-11-25 11:54:24][Command][haddock_push] Building library for logger-effectful-0.1..
[2024-11-25 11:54:24][Command][haddock_push] Preprocessing library for environment-effectful-0.1..
[2024-11-25 11:54:24][Command][haddock_push] Running Haddock on library for environment-effectful-0.1..
[2024-11-25 11:54:24][Command][haddock_push] Preprocessing library for ioref-effectful-0.1..
[2024-11-25 11:54:24][Command][haddock_push] Running Haddock on library for ioref-effectful-0.1..
[2024-11-25 11:54:24][Command][haddock_push] Preprocessing library for env-guard-effectful-0.1..
[2024-11-25 11:54:24][Command][haddock_push] Running Haddock on library for env-guard-effectful-0.1..
[2024-11-25 11:54:24][Command][haddock_push] Preprocessing library for terminal-effectful-0.1..
[2024-11-25 11:54:24][Command][haddock_push] Running Haddock on library for terminal-effectful-0.1..
[2024-11-25 11:54:24][Command][haddock_push] Preprocessing library for stm-effectful-0.1..
[2024-11-25 11:54:24][Command][haddock_push] Running Haddock on library for stm-effectful-0.1..
[2024-11-25 11:54:24][Command][haddock_push] Warning: --source-* options are ignored when --hyperlinked-source is enabled.
[2024-11-25 11:54:24][Command][haddock_push] Warning: --source-* options are ignored when --hyperlinked-source is enabled.
[2024-11-25 11:54:24][Command][haddock_push] Warning: --source-* options are ignored when --hyperlinked-source is enabled.
[2024-11-25 11:54:24][Command][haddock_push] Warning: --source-* options are ignored when --hyperlinked-source is enabled.
[2024-11-25 11:54:24][Command][haddock_push] Warning: --source-* options are ignored when --hyperlinked-source is enabled.
[2024-11-25 11:54:25][Command][haddock_push] [1 of 1] Compiling Effectful.Environment.Guard.Static ( src/Effectful/Environment/Guard/Static.hs, nothing )
[2024-11-25 11:54:25][Command][haddock_push] [1 of 1] Compiling Effectful.IORef.Static ( src/Effectful/IORef/Static.hs, nothing )
[2024-11-25 11:54:25][Command][haddock_push] [1 of 2] Compiling Effectful.Concurrent.STM.TBQueue.Static ( src/Effectful/Concurrent/STM/TBQueue/Static.hs, nothing )
[2024-11-25 11:54:25][Command][haddock_push] [1 of 2] Compiling Effectful.Terminal.Dynamic ( src/Effectful/Terminal/Dynamic.hs, nothing )
[2024-11-25 11:54:25][Command][haddock_push] [1 of 3] Compiling Effectful.Environment.Utils ( src/Effectful/Environment/Utils.hs, nothing )
[2024-11-25 11:54:25][Command][haddock_push] [2 of 2] Compiling Effectful.Concurrent.STM.TVar.Static ( src/Effectful/Concurrent/STM/TVar/Static.hs, nothing )
[2024-11-25 11:54:25][Command][haddock_push] [2 of 3] Compiling Effectful.Environment.Static ( src/Effectful/Environment/Static.hs, nothing )
[2024-11-25 11:54:25][Command][haddock_push] [3 of 3] Compiling Effectful.Environment.Dynamic ( src/Effectful/Environment/Dynamic.hs, nothing )
[2024-11-25 11:54:26][Command][haddock_push] [2 of 2] Compiling Effectful.Terminal.Static ( src/Effectful/Terminal/Static.hs, nothing )
[2024-11-25 11:54:26][Command][haddock_push] Preprocessing library for concurrent-effectful-0.1..
[2024-11-25 11:54:26][Command][haddock_push] Running Haddock on library for concurrent-effectful-0.1..
[2024-11-25 11:54:26][Command][haddock_push] Preprocessing library for logger-effectful-0.1..
[2024-11-25 11:54:26][Command][haddock_push] Running Haddock on library for logger-effectful-0.1..
[2024-11-25 11:54:26][Command][haddock_push] Warning: --source-* options are ignored when --hyperlinked-source is enabled.
[2024-11-25 11:54:26][Command][haddock_push] Preprocessing library for fs-effectful-0.1..
[2024-11-25 11:54:26][Command][haddock_push] Running Haddock on library for fs-effectful-0.1..
[2024-11-25 11:54:26][Command][haddock_push] Warning: --source-* options are ignored when --hyperlinked-source is enabled.
[2024-11-25 11:54:27][Command][haddock_push] Warning: --source-* options are ignored when --hyperlinked-source is enabled.
[2024-11-25 11:54:27][Command][haddock_push] [1 of 1] Compiling Effectful.Logger.Dynamic ( src/Effectful/Logger/Dynamic.hs, nothing )
[2024-11-25 11:54:27][Command][haddock_push] [1 of 1] Compiling Effectful.Concurrent.Static ( src/Effectful/Concurrent/Static.hs, nothing )
[2024-11-25 11:54:28][Command][haddock_push] [ 1 of 13] Compiling Effectful.FileSystem.FileReader.Dynamic ( src/Effectful/FileSystem/FileReader/Dynamic.hs, nothing )
[2024-11-25 11:54:29][Command][haddock_push] [ 2 of 13] Compiling Effectful.FileSystem.FileReader.Static ( src/Effectful/FileSystem/FileReader/Static.hs, nothing )
[2024-11-25 11:54:29][Command][haddock_push] [ 3 of 13] Compiling Effectful.FileSystem.FileWriter.Dynamic ( src/Effectful/FileSystem/FileWriter/Dynamic.hs, nothing )
[2024-11-25 11:54:29][Command][haddock_push] [ 4 of 13] Compiling Effectful.FileSystem.FileWriter.Static ( src/Effectful/FileSystem/FileWriter/Static.hs, nothing )
[2024-11-25 11:54:29][Command][haddock_push] [ 5 of 13] Compiling Effectful.FileSystem.HandleReader.Dynamic ( src/Effectful/FileSystem/HandleReader/Dynamic.hs, nothing )
[2024-11-25 11:54:29][Command][haddock_push] [ 6 of 13] Compiling Effectful.FileSystem.HandleReader.Static ( src/Effectful/FileSystem/HandleReader/Static.hs, nothing )
[2024-11-25 11:54:29][Command][haddock_push] [ 7 of 13] Compiling Effectful.FileSystem.HandleWriter.Dynamic ( src/Effectful/FileSystem/HandleWriter/Dynamic.hs, nothing )
[2024-11-25 11:54:29][Command][haddock_push] [ 8 of 13] Compiling Effectful.FileSystem.HandleWriter.Static ( src/Effectful/FileSystem/HandleWriter/Static.hs, nothing )
[2024-11-25 11:54:30][Command][haddock_push] [ 9 of 13] Compiling Effectful.FileSystem.PathReader.Dynamic ( src/Effectful/FileSystem/PathReader/Dynamic.hs, nothing )
[2024-11-25 11:54:30][Command][haddock_push] [10 of 13] Compiling Effectful.FileSystem.PathReader.Static ( src/Effectful/FileSystem/PathReader/Static.hs, nothing )
[2024-11-25 11:54:30][Command][haddock_push] [11 of 13] Compiling Effectful.FileSystem.PathWriter.Utils ( src/Effectful/FileSystem/PathWriter/Utils.hs, nothing )
[2024-11-25 11:54:31][Command][haddock_push] [12 of 13] Compiling Effectful.FileSystem.PathWriter.Static ( src/Effectful/FileSystem/PathWriter/Static.hs, nothing )
[2024-11-25 11:54:31][Command][haddock_push] [13 of 13] Compiling Effectful.FileSystem.PathWriter.Dynamic ( src/Effectful/FileSystem/PathWriter/Dynamic.hs, nothing )
[2024-11-25 11:54:42][Command][haddock_push] Haddock coverage:
[2024-11-25 11:54:42][Command][haddock_push]  100% ( 14 / 14) in 'Effectful.IORef.Static'
[2024-11-25 11:54:42][Command][haddock_push] Warning: Effectful.IORef.Static: could not find link destinations for: 
[2024-11-25 11:54:42][Command][haddock_push] - Effectful.IORef.Static.MkIORefEtatic
[2024-11-25 11:54:42][Command][haddock_push] - Effectful.IORef.Static.D:R:StaticRepIORefE0
[2024-11-25 11:54:43][Command][haddock_push] Documentation created:
[2024-11-25 11:54:43][Command][haddock_push] /home/tommy/Dev/tommy/github/effectful-libs/dist-newstyle/build/x86_64-linux/ghc-9.8.2/ioref-effectful-0.1/doc/html/ioref-effectful/
[2024-11-25 11:54:43][Command][haddock_push] Haddock coverage:
[2024-11-25 11:54:43][Command][haddock_push]   95% ( 20 / 21) in 'Effectful.Environment.Guard.Static'
[2024-11-25 11:54:43][Command][haddock_push]   Missing documentation for:
[2024-11-25 11:54:43][Command][haddock_push]     Module header
[2024-11-25 11:54:43][Command][haddock_push] Warning: Effectful.Environment.Guard.Static: could not find link destinations for: 
[2024-11-25 11:54:43][Command][haddock_push] - Effectful.Environment.Guard.Static.MkEnvGuard
[2024-11-25 11:54:43][Command][haddock_push] - Effectful.Environment.Guard.Static.D:R:StaticRepEnvGuard0
[2024-11-25 11:54:43][Command][haddock_push] Documentation created:
[2024-11-25 11:54:43][Command][haddock_push] /home/tommy/Dev/tommy/github/effectful-libs/dist-newstyle/build/x86_64-linux/ghc-9.8.2/env-guard-effectful-0.1/doc/html/env-guard-effectful/
[2024-11-25 11:54:44][Command][haddock_push] Preprocessing library for time-effectful-0.1..
[2024-11-25 11:54:44][Command][haddock_push] Building library for time-effectful-0.1..
[2024-11-25 11:54:44][Command][haddock_push] Preprocessing library for typed-process-dynamic-effectful-0.1..
[2024-11-25 11:54:44][Command][haddock_push] Running Haddock on library for typed-process-dynamic-effectful-0.1..
[2024-11-25 11:54:44][Command][haddock_push] Warning: --source-* options are ignored when --hyperlinked-source is enabled.
[2024-11-25 11:54:45][Command][haddock_push] [1 of 1] Compiling Effectful.Process.Typed.Dynamic ( src/Effectful/Process/Typed/Dynamic.hs, nothing )
[2024-11-25 11:54:45][Command][haddock_push] Haddock coverage:
[2024-11-25 11:54:45][Command][haddock_push] Warning: 'IO' is out of scope.
[2024-11-25 11:54:45][Command][haddock_push]     If you qualify the identifier, haddock can try to link it anyway.
[2024-11-25 11:54:45][Command][haddock_push]  100% ( 26 / 26) in 'Effectful.Terminal.Dynamic'
[2024-11-25 11:54:45][Command][haddock_push]  100% ( 26 / 26) in 'Effectful.Terminal.Static'
[2024-11-25 11:54:45][Command][haddock_push] Warning: Effectful.Terminal.Dynamic: could not find link destinations for: 
[2024-11-25 11:54:45][Command][haddock_push] - System.Console.Terminal.Common.Rep1_Window
[2024-11-25 11:54:45][Command][haddock_push] - System.Console.Terminal.Common.Rep_Window
[2024-11-25 11:54:45][Command][haddock_push] Warning: Effectful.Terminal.Static: could not find link destinations for: 
[2024-11-25 11:54:45][Command][haddock_push] - System.Console.Terminal.Common.Rep1_Window
[2024-11-25 11:54:45][Command][haddock_push] - System.Console.Terminal.Common.Rep_Window
[2024-11-25 11:54:45][Command][haddock_push] - Effectful.Terminal.Static.MkTerminal
[2024-11-25 11:54:45][Command][haddock_push] - Effectful.Terminal.Static.D:R:StaticRepTerminal0
[2024-11-25 11:54:45][Command][haddock_push] Documentation created:
[2024-11-25 11:54:45][Command][haddock_push] /home/tommy/Dev/tommy/github/effectful-libs/dist-newstyle/build/x86_64-linux/ghc-9.8.2/terminal-effectful-0.1/doc/html/terminal-effectful/
[2024-11-25 11:54:46][Command][haddock_push] Preprocessing library for time-effectful-0.1..
[2024-11-25 11:54:46][Command][haddock_push] Running Haddock on library for time-effectful-0.1..
[2024-11-25 11:54:46][Command][haddock_push] Warning: --source-* options are ignored when --hyperlinked-source is enabled.
[2024-11-25 11:54:46][Command][haddock_push] Preprocessing library for unix-compat-effectful-0.1..
[2024-11-25 11:54:46][Command][haddock_push] Running Haddock on library for unix-compat-effectful-0.1..
[2024-11-25 11:54:46][Command][haddock_push] [1 of 4] Compiling Effectful.Time.TimeSpec ( src/Effectful/Time/TimeSpec.hs, nothing )
[2024-11-25 11:54:46][Command][haddock_push] Warning: --source-* options are ignored when --hyperlinked-source is enabled.
[2024-11-25 11:54:47][Command][haddock_push] [1 of 2] Compiling Effectful.PosixCompat.Dynamic ( src/Effectful/PosixCompat/Dynamic.hs, nothing )
[2024-11-25 11:54:47][Command][haddock_push] [2 of 4] Compiling Effectful.Time.Utils ( src/Effectful/Time/Utils.hs, nothing )
[2024-11-25 11:54:47][Command][haddock_push] [3 of 4] Compiling Effectful.Time.Static ( src/Effectful/Time/Static.hs, nothing )
[2024-11-25 11:54:47][Command][haddock_push] [4 of 4] Compiling Effectful.Time.Dynamic ( src/Effectful/Time/Dynamic.hs, nothing )
[2024-11-25 11:54:48][Command][haddock_push] Haddock coverage:
[2024-11-25 11:54:48][Command][haddock_push]  100% (  2 /  2) in 'Effectful.Environment.Utils'
[2024-11-25 11:54:48][Command][haddock_push]   94% ( 18 / 19) in 'Effectful.Environment.Static'
[2024-11-25 11:54:48][Command][haddock_push]   Missing documentation for:
[2024-11-25 11:54:48][Command][haddock_push]     executablePath (src/Effectful/Environment/Static.hs:59)
[2024-11-25 11:54:48][Command][haddock_push]  100% ( 18 / 18) in 'Effectful.Environment.Dynamic'
[2024-11-25 11:54:48][Command][haddock_push] Warning: Effectful.Environment.Utils: could not find link destinations for: 
[2024-11-25 11:54:48][Command][haddock_push] - Effectful.Environment.Utils.Rep_QueryExePath
[2024-11-25 11:54:48][Command][haddock_push] Warning: Effectful.Environment.Static: could not find link destinations for: 
[2024-11-25 11:54:48][Command][haddock_push] - Effectful.Environment.Utils.Rep_QueryExePath
[2024-11-25 11:54:48][Command][haddock_push] - Effectful.Environment.D:R:StaticRepEnvironment0
[2024-11-25 11:54:48][Command][haddock_push] - Effectful.Environment.Environment
[2024-11-25 11:54:48][Command][haddock_push] Warning: Effectful.Environment.Dynamic: could not find link destinations for: 
[2024-11-25 11:54:48][Command][haddock_push] - Effectful.Environment.Utils.Rep_QueryExePath
[2024-11-25 11:54:48][Command][haddock_push] [2 of 2] Compiling Effectful.PosixCompat.Static ( src/Effectful/PosixCompat/Static.hs, nothing )
[2024-11-25 11:54:48][Command][haddock_push] Documentation created:
[2024-11-25 11:54:48][Command][haddock_push] /home/tommy/Dev/tommy/github/effectful-libs/dist-newstyle/build/x86_64-linux/ghc-9.8.2/environment-effectful-0.1/doc/html/environment-effectful/
[2024-11-25 11:54:49][Command][haddock_push] Haddock coverage:
[2024-11-25 11:54:49][Command][haddock_push]  100% ( 11 / 11) in 'Effectful.Concurrent.STM.TBQueue.Static'
[2024-11-25 11:54:49][Command][haddock_push]  100% ( 10 / 10) in 'Effectful.Concurrent.STM.TVar.Static'
[2024-11-25 11:54:49][Command][haddock_push] Warning: Effectful.Concurrent.STM.TBQueue.Static: could not find link destinations for: 
[2024-11-25 11:54:49][Command][haddock_push] - Effectful.Concurrent.Effect.D:R:StaticRepConcurrent0
[2024-11-25 11:54:49][Command][haddock_push] - Effectful.Concurrent.Effect.Concurrent
[2024-11-25 11:54:49][Command][haddock_push] Warning: Effectful.Concurrent.STM.TVar.Static: could not find link destinations for: 
[2024-11-25 11:54:49][Command][haddock_push] - Effectful.Concurrent.Effect.D:R:StaticRepConcurrent0
[2024-11-25 11:54:49][Command][haddock_push] - Effectful.Concurrent.Effect.Concurrent
[2024-11-25 11:54:49][Command][haddock_push] Preprocessing library for unix-effectful-0.1..
[2024-11-25 11:54:49][Command][haddock_push] Running Haddock on library for unix-effectful-0.1..
[2024-11-25 11:54:49][Command][haddock_push] Documentation created:
[2024-11-25 11:54:49][Command][haddock_push] /home/tommy/Dev/tommy/github/effectful-libs/dist-newstyle/build/x86_64-linux/ghc-9.8.2/stm-effectful-0.1/doc/html/stm-effectful/
[2024-11-25 11:54:49][Command][haddock_push] Haddock coverage:
[2024-11-25 11:54:49][Command][haddock_push] Warning: 'threadDelay' is out of scope.
[2024-11-25 11:54:49][Command][haddock_push]     If you qualify the identifier, haddock can try to link it anyway.
[2024-11-25 11:54:49][Command][haddock_push]  100% ( 10 / 10) in 'Effectful.Concurrent.Static'
[2024-11-25 11:54:49][Command][haddock_push] Warning: Effectful.Concurrent.Static: could not find link destinations for: 
[2024-11-25 11:54:49][Command][haddock_push] - Effectful.Concurrent.Effect.D:R:StaticRepConcurrent0
[2024-11-25 11:54:49][Command][haddock_push] - Effectful.Concurrent.Effect.Concurrent
[2024-11-25 11:54:49][Command][haddock_push] Warning: --source-* options are ignored when --hyperlinked-source is enabled.
[2024-11-25 11:54:49][Command][haddock_push] Documentation created:
[2024-11-25 11:54:49][Command][haddock_push] /home/tommy/Dev/tommy/github/effectful-libs/dist-newstyle/build/x86_64-linux/ghc-9.8.2/concurrent-effectful-0.1/doc/html/concurrent-effectful/
[2024-11-25 11:54:50][Command][haddock_push] [1 of 2] Compiling Effectful.Posix.Dynamic ( src/Effectful/Posix/Dynamic.hs, nothing )
[2024-11-25 11:54:50][Command][haddock_push] Haddock coverage:
[2024-11-25 11:54:50][Command][haddock_push] Warning: 'runStdoutLoggingT' is out of scope.
[2024-11-25 11:54:50][Command][haddock_push]     If you qualify the identifier, haddock can try to link it anyway.
[2024-11-25 11:54:50][Command][haddock_push] Warning: 'MonadIO' is out of scope.
[2024-11-25 11:54:50][Command][haddock_push]     If you qualify the identifier, haddock can try to link it anyway.
[2024-11-25 11:54:50][Command][haddock_push] Warning: 'LoggingT' is out of scope.
[2024-11-25 11:54:50][Command][haddock_push]     If you qualify the identifier, haddock can try to link it anyway.
[2024-11-25 11:54:50][Command][haddock_push] Warning: 'runLoggingT' is out of scope.
[2024-11-25 11:54:50][Command][haddock_push]     If you qualify the identifier, haddock can try to link it anyway.
[2024-11-25 11:54:50][Command][haddock_push] Warning: 'stdout' is out of scope.
[2024-11-25 11:54:50][Command][haddock_push]     If you qualify the identifier, haddock can try to link it anyway.
[2024-11-25 11:54:50][Command][haddock_push] Warning: 'LogLevel'' is out of scope.
[2024-11-25 11:54:50][Command][haddock_push]     If you qualify the identifier, haddock can try to link it anyway.
[2024-11-25 11:54:50][Command][haddock_push]   98% ( 78 / 79) in 'Effectful.Logger.Dynamic'
[2024-11-25 11:54:50][Command][haddock_push]   Missing documentation for:
[2024-11-25 11:54:50][Command][haddock_push]     Loc
[2024-11-25 11:54:50][Command][haddock_push] Warning: Effectful.Logger.Dynamic: could not find link destinations for: 
[2024-11-25 11:54:50][Command][haddock_push] - Language.Haskell.TH.Syntax.Rep_Loc
[2024-11-25 11:54:50][Command][haddock_push] - Effectful.Logger.Dynamic.Rep_LogLevel
[2024-11-25 11:54:50][Command][haddock_push] Documentation created:
[2024-11-25 11:54:50][Command][haddock_push] /home/tommy/Dev/tommy/github/effectful-libs/dist-newstyle/build/x86_64-linux/ghc-9.8.2/logger-effectful-0.1/doc/html/logger-effectful/
[2024-11-25 11:54:50][Command][haddock_push] 
[2024-11-25 11:54:50][Command][haddock_push] src/Effectful/Posix/Dynamic.hs:69:1: warning: [GHC-15328] [-Wdeprecations]
[2024-11-25 11:54:50][Command][haddock_push]     Module ‘System.OsString.Internal.Types’ is deprecated:
[2024-11-25 11:54:50][Command][haddock_push]       "Use System.OsString.Internal.Types from os-string >= 2.0.0 package instead. This module will be removed in filepath >= 1.5."
[2024-11-25 11:54:50][Command][haddock_push]    |
[2024-11-25 11:54:50][Command][haddock_push] 69 | import System.OsString.Internal.Types (OsString (OsString))
[2024-11-25 11:54:50][Command][haddock_push]    | ^^^^^^^^^^^^^^^^^^^^^^^^^^^^^^^^^^^^^^^^^^^^^^^^^^^^^^^^^^^
[2024-11-25 11:54:50][Command][haddock_push] [2 of 2] Compiling Effectful.Posix.Static ( src/Effectful/Posix/Static.hs, nothing )
[2024-11-25 11:54:51][Command][haddock_push] 
[2024-11-25 11:54:51][Command][haddock_push] src/Effectful/Posix/Static.hs:76:1: warning: [GHC-15328] [-Wdeprecations]
[2024-11-25 11:54:51][Command][haddock_push]     Module ‘System.OsString.Internal.Types’ is deprecated:
[2024-11-25 11:54:51][Command][haddock_push]       "Use System.OsString.Internal.Types from os-string >= 2.0.0 package instead. This module will be removed in filepath >= 1.5."
[2024-11-25 11:54:51][Command][haddock_push]    |
[2024-11-25 11:54:51][Command][haddock_push] 76 | import System.OsString.Internal.Types (OsString (OsString))
[2024-11-25 11:54:51][Command][haddock_push]    | ^^^^^^^^^^^^^^^^^^^^^^^^^^^^^^^^^^^^^^^^^^^^^^^^^^^^^^^^^^^
[2024-11-25 11:54:55][Command][haddock_push] Haddock coverage:
[2024-11-25 11:54:55][Command][haddock_push]  100% ( 18 / 18) in 'Effectful.FileSystem.FileReader.Dynamic'
[2024-11-25 11:54:55][Command][haddock_push]  100% ( 18 / 18) in 'Effectful.FileSystem.FileReader.Static'
[2024-11-25 11:54:55][Command][haddock_push]  100% ( 14 / 14) in 'Effectful.FileSystem.FileWriter.Dynamic'
[2024-11-25 11:54:55][Command][haddock_push]  100% ( 14 / 14) in 'Effectful.FileSystem.FileWriter.Static'
[2024-11-25 11:54:55][Command][haddock_push] Warning: 'decodeUtf8ThrowM' is out of scope.
[2024-11-25 11:54:55][Command][haddock_push]     If you qualify the identifier, haddock can try to link it anyway.
[2024-11-25 11:54:55][Command][haddock_push]  100% ( 49 / 49) in 'Effectful.FileSystem.HandleReader.Dynamic'
[2024-11-25 11:54:55][Command][haddock_push]  100% ( 49 / 49) in 'Effectful.FileSystem.HandleReader.Static'
[2024-11-25 11:54:55][Command][haddock_push] Warning: 'stderr' is out of scope.
[2024-11-25 11:54:55][Command][haddock_push]     If you qualify the identifier, haddock can try to link it anyway.
[2024-11-25 11:54:55][Command][haddock_push]  100% ( 29 / 29) in 'Effectful.FileSystem.HandleWriter.Dynamic'
[2024-11-25 11:54:55][Command][haddock_push] Warning: 'stderr' is out of scope.
[2024-11-25 11:54:55][Command][haddock_push]     If you qualify the identifier, haddock can try to link it anyway.
[2024-11-25 11:54:55][Command][haddock_push]  100% ( 29 / 29) in 'Effectful.FileSystem.HandleWriter.Static'
[2024-11-25 11:54:55][Command][haddock_push] Warning: 'IOException' is out of scope.
[2024-11-25 11:54:55][Command][haddock_push]     If you qualify the identifier, haddock can try to link it anyway.
[2024-11-25 11:54:55][Command][haddock_push]   98% ( 58 / 59) in 'Effectful.FileSystem.PathReader.Dynamic'
[2024-11-25 11:54:55][Command][haddock_push]   Missing documentation for:
[2024-11-25 11:54:55][Command][haddock_push]     Permissions
[2024-11-25 11:54:55][Command][haddock_push] Warning: 'IOException' is out of scope.
[2024-11-25 11:54:55][Command][haddock_push]     If you qualify the identifier, haddock can try to link it anyway.
[2024-11-25 11:54:55][Command][haddock_push]   98% ( 58 / 59) in 'Effectful.FileSystem.PathReader.Static'
[2024-11-25 11:54:55][Command][haddock_push]   Missing documentation for:
[2024-11-25 11:54:55][Command][haddock_push]     Permissions
[2024-11-25 11:54:55][Command][haddock_push]  100% ( 13 / 13) in 'Effectful.FileSystem.PathWriter.Utils'
[2024-11-25 11:54:55][Command][haddock_push] Warning: 'doesFileExist' is out of scope.
[2024-11-25 11:54:55][Command][haddock_push]     If you qualify the identifier, haddock can try to link it anyway.
[2024-11-25 11:54:55][Command][haddock_push] Warning: 'doesDirectoryExist' is out of scope.
[2024-11-25 11:54:55][Command][haddock_push]     If you qualify the identifier, haddock can try to link it anyway.
[2024-11-25 11:54:55][Command][haddock_push] Warning: 'doesPathExist' is out of scope.
[2024-11-25 11:54:55][Command][haddock_push]     If you qualify the identifier, haddock can try to link it anyway.
[2024-11-25 11:54:55][Command][haddock_push] Warning: 'doesSymbolicLinkExist' is out of scope.
[2024-11-25 11:54:55][Command][haddock_push]     If you qualify the identifier, haddock can try to link it anyway.
[2024-11-25 11:54:55][Command][haddock_push] Warning: 'defaultCopyDirConfig' is out of scope.
[2024-11-25 11:54:55][Command][haddock_push]     If you qualify the identifier, haddock can try to link it anyway.
[2024-11-25 11:54:55][Command][haddock_push] Warning: 'PathNotFoundException' is out of scope.
[2024-11-25 11:54:55][Command][haddock_push]     If you qualify the identifier, haddock can try to link it anyway.
[2024-11-25 11:54:55][Command][haddock_push] Warning: 'PathFoundException' is out of scope.
[2024-11-25 11:54:55][Command][haddock_push]     If you qualify the identifier, haddock can try to link it anyway.
[2024-11-25 11:54:55][Command][haddock_push]   98% ( 60 / 61) in 'Effectful.FileSystem.PathWriter.Static'
[2024-11-25 11:54:55][Command][haddock_push]   Missing documentation for:
[2024-11-25 11:54:55][Command][haddock_push]     Permissions
[2024-11-25 11:54:55][Command][haddock_push] Warning: 'doesFileExist' is out of scope.
[2024-11-25 11:54:55][Command][haddock_push]     If you qualify the identifier, haddock can try to link it anyway.
[2024-11-25 11:54:55][Command][haddock_push] Warning: 'doesDirectoryExist' is out of scope.
[2024-11-25 11:54:55][Command][haddock_push]     If you qualify the identifier, haddock can try to link it anyway.
[2024-11-25 11:54:55][Command][haddock_push] Warning: 'doesPathExist' is out of scope.
[2024-11-25 11:54:55][Command][haddock_push]     If you qualify the identifier, haddock can try to link it anyway.
[2024-11-25 11:54:55][Command][haddock_push] Warning: 'doesSymbolicLinkExist' is out of scope.
[2024-11-25 11:54:55][Command][haddock_push]     If you qualify the identifier, haddock can try to link it anyway.
[2024-11-25 11:54:55][Command][haddock_push] Warning: 'defaultCopyDirConfig' is out of scope.
[2024-11-25 11:54:55][Command][haddock_push]     If you qualify the identifier, haddock can try to link it anyway.
[2024-11-25 11:54:55][Command][haddock_push] Warning: 'PathNotFoundException' is out of scope.
[2024-11-25 11:54:55][Command][haddock_push]     If you qualify the identifier, haddock can try to link it anyway.
[2024-11-25 11:54:55][Command][haddock_push] Warning: 'PathFoundException' is out of scope.
[2024-11-25 11:54:55][Command][haddock_push]     If you qualify the identifier, haddock can try to link it anyway.
[2024-11-25 11:54:55][Command][haddock_push]   98% ( 60 / 61) in 'Effectful.FileSystem.PathWriter.Dynamic'
[2024-11-25 11:54:55][Command][haddock_push]   Missing documentation for:
[2024-11-25 11:54:55][Command][haddock_push]     Permissions
[2024-11-25 11:54:55][Command][haddock_push] Warning: Effectful.FileSystem.FileReader.Dynamic: could not find link destinations for: 
[2024-11-25 11:54:55][Command][haddock_push] - Data.ByteString.Internal.Type.D:R:ItemByteString
[2024-11-25 11:54:55][Command][haddock_push] Warning: Effectful.FileSystem.FileReader.Static: could not find link destinations for: 
[2024-11-25 11:54:55][Command][haddock_push] - Data.ByteString.Internal.Type.D:R:ItemByteString
[2024-11-25 11:54:55][Command][haddock_push] - Effectful.FileSystem.FileReader.Static.MkFileReader
[2024-11-25 11:54:55][Command][haddock_push] - Effectful.FileSystem.FileReader.Static.D:R:StaticRepFileReader0
[2024-11-25 11:54:55][Command][haddock_push] Warning: Effectful.FileSystem.FileWriter.Dynamic: could not find link destinations for: 
[2024-11-25 11:54:55][Command][haddock_push] - Data.ByteString.Internal.Type.D:R:ItemByteString
[2024-11-25 11:54:55][Command][haddock_push] Warning: Effectful.FileSystem.FileWriter.Static: could not find link destinations for: 
[2024-11-25 11:54:55][Command][haddock_push] - Data.ByteString.Internal.Type.D:R:ItemByteString
[2024-11-25 11:54:55][Command][haddock_push] - Effectful.FileSystem.FileWriter.Static.MkFileWriter
[2024-11-25 11:54:55][Command][haddock_push] - Effectful.FileSystem.FileWriter.Static.D:R:StaticRepFileWriter0
[2024-11-25 11:54:55][Command][haddock_push] Warning: Effectful.FileSystem.HandleReader.Dynamic: could not find link destinations for: 
[2024-11-25 11:54:55][Command][haddock_push] - Data.ByteString.Internal.Type.D:R:ItemByteString
[2024-11-25 11:54:55][Command][haddock_push] Warning: Effectful.FileSystem.HandleReader.Static: could not find link destinations for: 
[2024-11-25 11:54:55][Command][haddock_push] - Data.ByteString.Internal.Type.D:R:ItemByteString
[2024-11-25 11:54:55][Command][haddock_push] - Effectful.FileSystem.HandleReader.Static.MkHandleReader
[2024-11-25 11:54:55][Command][haddock_push] - Effectful.FileSystem.HandleReader.Static.D:R:StaticRepHandleReader0
[2024-11-25 11:54:55][Command][haddock_push] Warning: Effectful.FileSystem.HandleWriter.Dynamic: could not find link destinations for: 
[2024-11-25 11:54:55][Command][haddock_push] - Data.ByteString.Internal.Type.D:R:ItemByteString
[2024-11-25 11:54:55][Command][haddock_push] Warning: Effectful.FileSystem.HandleWriter.Static: could not find link destinations for: 
[2024-11-25 11:54:55][Command][haddock_push] - Data.ByteString.Internal.Type.D:R:ItemByteString
[2024-11-25 11:54:55][Command][haddock_push] - Effectful.FileSystem.HandleWriter.Static.MkHandleWriter
[2024-11-25 11:54:55][Command][haddock_push] - Effectful.FileSystem.HandleWriter.Static.D:R:StaticRepHandleWriter0
[2024-11-25 11:54:55][Command][haddock_push] Warning: Effectful.FileSystem.PathReader.Dynamic: could not find link destinations for: 
[2024-11-25 11:54:55][Command][haddock_push] - FileSystem.PathType.Rep_PathType
[2024-11-25 11:54:55][Command][haddock_push] Warning: Effectful.FileSystem.PathReader.Static: could not find link destinations for: 
[2024-11-25 11:54:55][Command][haddock_push] - FileSystem.PathType.Rep_PathType
[2024-11-25 11:54:55][Command][haddock_push] - Effectful.FileSystem.PathReader.Static.MkPathReader
[2024-11-25 11:54:55][Command][haddock_push] - Effectful.FileSystem.PathReader.Static.D:R:StaticRepPathReader0
[2024-11-25 11:54:55][Command][haddock_push] Warning: Effectful.FileSystem.PathWriter.Utils: could not find link destinations for: 
[2024-11-25 11:54:55][Command][haddock_push] - Effectful.FileSystem.PathWriter.Utils.Rep_CopyDirConfig
[2024-11-25 11:54:55][Command][haddock_push] - Effectful.FileSystem.PathWriter.Utils.Rep_TargetName
[2024-11-25 11:54:55][Command][haddock_push] - Effectful.FileSystem.PathWriter.Utils.Rep_Overwrite
[2024-11-25 11:54:55][Command][haddock_push] Warning: Effectful.FileSystem.PathWriter.Static: could not find link destinations for: 
[2024-11-25 11:54:55][Command][haddock_push] - Effectful.FileSystem.PathWriter.Utils.Rep_CopyDirConfig
[2024-11-25 11:54:55][Command][haddock_push] - Effectful.FileSystem.PathWriter.Utils.Rep_TargetName
[2024-11-25 11:54:55][Command][haddock_push] - Effectful.FileSystem.PathWriter.Utils.Rep_Overwrite
[2024-11-25 11:54:55][Command][haddock_push] - Effectful.FileSystem.PathWriter.Static.MkPathWriter
[2024-11-25 11:54:55][Command][haddock_push] - Effectful.FileSystem.PathWriter.Static.D:R:StaticRepPathWriter0
[2024-11-25 11:54:55][Command][haddock_push] Warning: Effectful.FileSystem.PathWriter.Dynamic: could not find link destinations for: 
[2024-11-25 11:54:55][Command][haddock_push] - Effectful.FileSystem.PathWriter.Utils.Rep_CopyDirConfig
[2024-11-25 11:54:55][Command][haddock_push] - Effectful.FileSystem.PathWriter.Utils.Rep_TargetName
[2024-11-25 11:54:55][Command][haddock_push] - Effectful.FileSystem.PathWriter.Utils.Rep_Overwrite
[2024-11-25 11:54:55][Command][haddock_push] Documentation created:
[2024-11-25 11:54:55][Command][haddock_push] /home/tommy/Dev/tommy/github/effectful-libs/dist-newstyle/build/x86_64-linux/ghc-9.8.2/fs-effectful-0.1/doc/html/fs-effectful/
[2024-11-25 11:54:56][Command][haddock_push] Preprocessing library for optparse-effectful-0.1..
[2024-11-25 11:54:56][Command][haddock_push] Running Haddock on library for optparse-effectful-0.1..
[2024-11-25 11:54:56][Command][haddock_push] Warning: --source-* options are ignored when --
[2024-11-25 11:54:56][Command][haddock_push] hyperlinked-source is enabled.
[2024-11-25 11:54:57][Command][haddock_push] [1 of 3] Compiling Effectful.Optparse.Utils ( src/Effectful/Optparse/Utils.hs, nothing )
[2024-11-25 11:54:57][Command][haddock_push] [2 of 3] Compiling Effectful.Optparse.Static ( src/Effectful/Optparse/Static.hs, nothing )
[2024-11-25 11:54:57][Command][haddock_push] [3 of 3] Compiling Effectful.Optparse.Dynamic ( src/Effectful/Optparse/Dynamic.hs, nothing )
[2024-11-25 11:54:59][Command][haddock_push] Haddock coverage:
[2024-11-25 11:54:59][Command][haddock_push]  100% ( 22 / 22) in 'Effectful.Time.TimeSpec'
[2024-11-25 11:54:59][Command][haddock_push] Warning: 'parseLocalTimeCallStack' is out of scope.
[2024-11-25 11:54:59][Command][haddock_push]     If you qualify the identifier, haddock can try to link it anyway.
[2024-11-25 11:54:59][Command][haddock_push] Warning: 'parseZonedTimeCallStack' is out of scope.
[2024-11-25 11:54:59][Command][haddock_push]     If you qualify the identifier, haddock can try to link it anyway.
[2024-11-25 11:54:59][Command][haddock_push]  100% (  5 /  5) in 'Effectful.Time.Utils'
[2024-11-25 11:54:59][Command][haddock_push] Warning: 'LocalTime' is ambiguous. It is defined
[2024-11-25 11:54:59][Command][haddock_push]     * in ‘Data.Time.LocalTime.Internal.LocalTime’
[2024-11-25 11:54:59][Command][haddock_push]     * in ‘Data.Time.LocalTime.Internal.LocalTime’
[2024-11-25 11:54:59][Command][haddock_push]     You may be able to disambiguate the identifier by qualifying it or
[2024-11-25 11:54:59][Command][haddock_push]     by specifying the type/value namespace explicitly.
[2024-11-25 11:54:59][Command][haddock_push]     Defaulting to the one defined in ‘Data.Time.LocalTime.Internal.LocalTime’
[2024-11-25 11:54:59][Command][haddock_push] Warning: 'ZonedTime' is ambiguous. It is defined
[2024-11-25 11:54:59][Command][haddock_push]     * in ‘Data.Time.LocalTime.Internal.ZonedTime’
[2024-11-25 11:54:59][Command][haddock_push]     * in ‘Data.Time.LocalTime.Internal.ZonedTime’
[2024-11-25 11:54:59][Command][haddock_push]     You may be able to disambiguate the identifier by qualifying it or
[2024-11-25 11:54:59][Command][haddock_push]     by specifying the type/value namespace explicitly.
[2024-11-25 11:54:59][Command][haddock_push]     Defaulting to the one defined in ‘Data.Time.LocalTime.Internal.ZonedTime’
[2024-11-25 11:54:59][Command][haddock_push]  100% ( 34 / 34) in 'Effectful.Time.Static'
[2024-11-25 11:54:59][Command][haddock_push] Warning: 'LocalTime' is ambiguous. It is defined
[2024-11-25 11:54:59][Command][haddock_push]     * in ‘Data.Time.LocalTime.Internal.LocalTime’
[2024-11-25 11:54:59][Command][haddock_push]     * in ‘Data.Time.LocalTime.Internal.LocalTime’
[2024-11-25 11:54:59][Command][haddock_push]     You may be able to disambiguate the identifier by qualifying it or
[2024-11-25 11:54:59][Command][haddock_push]     by specifying the type/value namespace explicitly.
[2024-11-25 11:54:59][Command][haddock_push]     Defaulting to the one defined in ‘Data.Time.LocalTime.Internal.LocalTime’
[2024-11-25 11:54:59][Command][haddock_push] Warning: 'ZonedTime' is ambiguous. It is defined
[2024-11-25 11:54:59][Command][haddock_push]     * in ‘Data.Time.LocalTime.Internal.ZonedTime’
[2024-11-25 11:54:59][Command][haddock_push]     * in ‘Data.Time.LocalTime.Internal.ZonedTime’
[2024-11-25 11:54:59][Command][haddock_push]     You may be able to disambiguate the identifier by qualifying it or
[2024-11-25 11:54:59][Command][haddock_push]     by specifying the type/value namespace explicitly.
[2024-11-25 11:54:59][Command][haddock_push]     Defaulting to the one defined in ‘Data.Time.LocalTime.Internal.ZonedTime’
[2024-11-25 11:54:59][Command][haddock_push]  100% ( 34 / 34) in 'Effectful.Time.Dynamic'
[2024-11-25 11:54:59][Command][haddock_push] Warning: Effectful.Time.TimeSpec: could not find link destinations for: 
[2024-11-25 11:54:59][Command][haddock_push] - Effectful.Time.TimeSpec.Rep_TimeSpec
[2024-11-25 11:54:59][Command][haddock_push] Warning: Effectful.Time.Static: could not find link destinations for: 
[2024-11-25 11:54:59][Command][haddock_push] - Effectful.Time.TimeSpec.Rep_TimeSpec
[2024-11-25 11:54:59][Command][haddock_push] - Effectful.Time.Static.MkTime
[2024-11-25 11:54:59][Command][haddock_push] - Effectful.Time.Static.D:R:StaticRepTime0
[2024-11-25 11:54:59][Command][haddock_push] Warning: Effectful.Time.Dynamic: could not find link destinations for: 
[2024-11-25 11:54:59][Command][haddock_push] - Effectful.Time.TimeSpec.Rep_TimeSpec
[2024-11-25 11:54:59][Command][haddock_push] Haddock coverage:
[2024-11-25 11:54:59][Command][haddock_push]   98% ( 81 / 82) in 'Effectful.Process.Typed.Dynamic'
[2024-11-25 11:54:59][Command][haddock_push]   Missing documentation for:
[2024-11-25 11:54:59][Command][haddock_push]     StdStream
[2024-11-25 11:54:59][Command][haddock_push] Warning: Effectful.Process.Typed.Dynamic: could not find link destinations for: 
[2024-11-25 11:54:59][Command][haddock_push] - GHC.IO.Exception.Rep_ExitCode
[2024-11-25 11:54:59][Command][haddock_push] Documentation created:
[2024-11-25 11:54:59][Command][haddock_push] /home/tommy/Dev/tommy/github/effectful-libs/dist-newstyle/build/x86_64-linux/ghc-9.8.2/time-effectful-0.1/doc/html/time-effectful/
[2024-11-25 11:55:00][Command][haddock_push] Documentation created:
[2024-11-25 11:55:00][Command][haddock_push] /home/tommy/Dev/tommy/github/effectful-libs/dist-newstyle/build/x86_64-linux/ghc-9.8.2/typed-process-dynamic-effectful-0.1/doc/html/typed-process-dynamic-effectful/
[2024-11-25 11:55:00][Command][haddock_push] Preprocessing library for logger-ns-effectful-0.1..
[2024-11-25 11:55:00][Command][haddock_push] Running Haddock on library for logger-ns-effectful-0.1..
[2024-11-25 11:55:00][Command][haddock_push] Warning: --source-* options are ignored when --hyperlinked-source is enabled.
[2024-11-25 11:55:00][Command][haddock_push] Haddock coverage:
[2024-11-25 11:55:00][Command][haddock_push] Warning: 'IOException' is out of scope.
[2024-11-25 11:55:00][Command][haddock_push]     If you qualify the identifier, haddock can try to link it anyway.
[2024-11-25 11:55:00][Command][haddock_push]  100% ( 36 / 36) in 'Effectful.PosixCompat.Dynamic'
[2024-11-25 11:55:00][Command][haddock_push] Warning: 'IOException' is out of scope.
[2024-11-25 11:55:00][Command][haddock_push]     If you qualify the identifier, haddock can try to link it anyway.
[2024-11-25 11:55:00][Command][haddock_push]  100% ( 36 / 36) in 'Effectful.PosixCompat.Static'
[2024-11-25 11:55:00][Command][haddock_push] Warning: Effectful.PosixCompat.Dynamic: could not find link destinations for: 
[2024-11-25 11:55:00][Command][haddock_push] - FileSystem.PathType.Rep_PathType
[2024-11-25 11:55:00][Command][haddock_push] Warning: Effectful.PosixCompat.Static: could not find link destinations for: 
[2024-11-25 11:55:00][Command][haddock_push] - FileSystem.PathType.Rep_PathType
[2024-11-25 11:55:00][Command][haddock_push] - Effectful.PosixCompat.Static.MkPosixCompat
[2024-11-25 11:55:00][Command][haddock_push] - Effectful.PosixCompat.Static.D:R:StaticRepPosixCompat0
[2024-11-25 11:55:00][Command][haddock_push] Documentation created:
[2024-11-25 11:55:00][Command][haddock_push] /home/tommy/Dev/tommy/github/effectful-libs/dist-newstyle/build/x86_64-linux/ghc-9.8.2/unix-compat-effectful-0.1/doc/html/unix-compat-effectful/
[2024-11-25 11:55:01][Command][haddock_push] [1 of 3] Compiling Effectful.LoggerNS.Utils ( src/Effectful/LoggerNS/Utils.hs, nothing )
[2024-11-25 11:55:01][Command][haddock_push] [2 of 3] Compiling Effectful.LoggerNS.Static ( src/Effectful/LoggerNS/Static.hs, nothing )
[2024-11-25 11:55:01][Command][haddock_push] [3 of 3] Compiling Effectful.LoggerNS.Dynamic ( src/Effectful/LoggerNS/Dynamic.hs, nothing )
[2024-11-25 11:55:02][Command][haddock_push] Haddock coverage:
[2024-11-25 11:55:02][Command][haddock_push] Warning: 'IOException' is out of scope.
[2024-11-25 11:55:02][Command][haddock_push]     If you qualify the identifier, haddock can try to link it anyway.
[2024-11-25 11:55:02][Command][haddock_push]  100% ( 36 / 36) in 'Effectful.Posix.Dynamic'
[2024-11-25 11:55:02][Command][haddock_push] Warning: 'IOException' is out of scope.
[2024-11-25 11:55:02][Command][haddock_push]     If you qualify the identifier, haddock can try to link it anyway.
[2024-11-25 11:55:02][Command][haddock_push]  100% ( 36 / 36) in 'Effectful.Posix.Static'
[2024-11-25 11:55:02][Command][haddock_push] Warning: Effectful.Posix.Dynamic: could not find link destinations for: 
[2024-11-25 11:55:02][Command][haddock_push] - FileSystem.PathType.Rep_PathType
[2024-11-25 11:55:02][Command][haddock_push] Warning: Effectful.Posix.Static: could not find link destinations for: 
[2024-11-25 11:55:02][Command][haddock_push] - FileSystem.PathType.Rep_PathType
[2024-11-25 11:55:02][Command][haddock_push] - Effectful.Posix.Static.MkPosix
[2024-11-25 11:55:02][Command][haddock_push] - Effectful.Posix.Static.D:R:StaticRepPosix0
[2024-11-25 11:55:02][Command][haddock_push] Documentation created:
[2024-11-25 11:55:02][Command][haddock_push] /home/tommy/Dev/tommy/github/effectful-libs/dist-newstyle/build/x86_64-linux/ghc-9.8.2/unix-effectful-0.1/doc/html/unix-effectful/
[2024-11-25 11:55:06][Command][haddock_push] Haddock coverage:
[2024-11-25 11:55:06][Command][haddock_push]  100% (  4 /  4) in 'Effectful.Optparse.Utils'
[2024-11-25 11:55:06][Command][haddock_push]  100% ( 12 / 12) in 'Effectful.Optparse.Static'
[2024-11-25 11:55:06][Command][haddock_push]  100% ( 11 / 11) in 'Effectful.Optparse.Dynamic'
[2024-11-25 11:55:06][Command][haddock_push] Warning: Effectful.Optparse.Static: could not find link destinations for: 
[2024-11-25 11:55:06][Command][haddock_push] - Effectful.Optparse.Static.MkOptparse
[2024-11-25 11:55:06][Command][haddock_push] - Effectful.Optparse.Static.D:R:StaticRepOptparse0
[2024-11-25 11:55:06][Command][haddock_push] Documentation created:
[2024-11-25 11:55:06][Command][haddock_push] /home/tommy/Dev/tommy/github/effectful-libs/dist-newstyle/build/x86_64-linux/ghc-9.8.2/optparse-effectful-0.1/doc/html/optparse-effectful/
[2024-11-25 11:55:09][Command][haddock_push] Haddock coverage:
[2024-11-25 11:55:09][Command][haddock_push]   87% ( 14 / 16) in 'Effectful.LoggerNS.Utils'
[2024-11-25 11:55:09][Command][haddock_push]   Missing documentation for:
[2024-11-25 11:55:09][Command][haddock_push]     Module header
[2024-11-25 11:55:09][Command][haddock_push]     displayNamespace (src/Effectful/LoggerNS/Utils.hs:131)
[2024-11-25 11:55:09][Command][haddock_push] Warning: 'Logger' is out of scope.
[2024-11-25 11:55:09][Command][haddock_push]     If you qualify the identifier, haddock can try to link it anyway.
[2024-11-25 11:55:09][Command][haddock_push]   95% ( 23 / 24) in 'Effectful.LoggerNS.Static'
[2024-11-25 11:55:09][Command][haddock_push]   Missing documentation for:
[2024-11-25 11:55:09][Command][haddock_push]     Loc
[2024-11-25 11:55:09][Command][haddock_push] Warning: 'Logger' is out of scope.
[2024-11-25 11:55:09][Command][haddock_push]     If you qualify the identifier, haddock can try to link it anyway.
[2024-11-25 11:55:09][Command][haddock_push]   95% ( 23 / 24) in 'Effectful.LoggerNS.Dynamic'
[2024-11-25 11:55:09][Command][haddock_push]   Missing documentation for:
[2024-11-25 11:55:09][Command][haddock_push]     Loc
[2024-11-25 11:55:09][Command][haddock_push] Warning: Effectful.LoggerNS.Utils: could not find link destinations for: 
[2024-11-25 11:55:09][Command][haddock_push] - Effectful.LoggerNS.Utils.D:R:ItemNamespace
[2024-11-25 11:55:09][Command][haddock_push] - Effectful.LoggerNS.Utils.Rep_LogFormatter
[2024-11-25 11:55:09][Command][haddock_push] - Effectful.LoggerNS.Utils.Rep_LocStrategy
[2024-11-25 11:55:09][Command][haddock_push] - Effectful.LoggerNS.Utils.Rep_Namespace
[2024-11-25 11:55:09][Command][haddock_push] Warning: Effectful.LoggerNS.Static: could not find link destinations for: 
[2024-11-25 11:55:09][Command][haddock_push] - Language.Haskell.TH.Syntax.Rep_Loc
[2024-11-25 11:55:09][Command][haddock_push] - Effectful.LoggerNS.Utils.D:R:ItemNamespace
[2024-11-25 11:55:09][Command][haddock_push] - Effectful.LoggerNS.Utils.Rep_LogFormatter
[2024-11-25 11:55:09][Command][haddock_push] - Effectful.LoggerNS.Utils.Rep_LocStrategy
[2024-11-25 11:55:09][Command][haddock_push] - Effectful.LoggerNS.Utils.Rep_Namespace
[2024-11-25 11:55:09][Command][haddock_push] - Effectful.LoggerNS.Static.MkLoggerNS
[2024-11-25 11:55:09][Command][haddock_push] - Effectful.LoggerNS.Static.D:R:StaticRepLoggerNS0
[2024-11-25 11:55:09][Command][haddock_push] Warning: Effectful.LoggerNS.Dynamic: could not find link destinations for: 
[2024-11-25 11:55:09][Command][haddock_push] - Language.Haskell.TH.Syntax.Rep_Loc
[2024-11-25 11:55:09][Command][haddock_push] - Effectful.LoggerNS.Utils.D:R:ItemNamespace
[2024-11-25 11:55:09][Command][haddock_push] - Effectful.LoggerNS.Utils.Rep_LogFormatter
[2024-11-25 11:55:09][Command][haddock_push] - Effectful.LoggerNS.Utils.Rep_LocStrategy
[2024-11-25 11:55:09][Command][haddock_push] - Effectful.LoggerNS.Utils.Rep_Namespace
[2024-11-25 11:55:09][Command][haddock_push] Documentation created:
[2024-11-25 11:55:09][Command][haddock_push] /home/tommy/Dev/tommy/github/effectful-libs/dist-newstyle/build/x86_64-linux/ghc-9.8.2/logger-ns-effectful-0.1/doc/html/logger-ns-effectful/
